{'pid': 0, 'username': 'NT AUTHORITY\\SYSTEM', 'name': 'System Idle Process'}
{'pid': 4, 'username': 'NT AUTHORITY\\SYSTEM', 'name': 'System'}
{'pid': 192, 'username': 'DESKTOP-HD08MFE\\Gauri', 'name': 'chrome.exe'}
{'pid': 212, 'username': 'DESKTOP-HD08MFE\\Gauri', 'name': 'winpty-agent.exe'}
{'pid': 368, 'username': None, 'name': 'smss.exe'}
{'pid': 480, 'username': None, 'name': 'WUDFHost.exe'}
{'pid': 552, 'username': None, 'name': 'csrss.exe'}
{'pid': 556, 'username': None, 'name': 'svchost.exe'}
{'pid': 664, 'username': None, 'name': 'csrss.exe'}
{'pid': 688, 'username': None, 'name': 'wininit.exe'}
{'pid': 732, 'username': None, 'name': 'svchost.exe'}
{'pid': 772, 'username': None, 'name': 'winlogon.exe'}
{'pid': 812, 'username': None, 'name': 'svchost.exe'}
{'pid': 816, 'username': None, 'name': 'services.exe'}
{'pid': 832, 'username': None, 'name': 'lsass.exe'}
{'pid': 904, 'username': 'DESKTOP-HD08MFE\\Gauri', 'name': 'EMAILSCN.EXE'}
{'pid': 948, 'username': None, 'name': 'svchost.exe'}
{'pid': 980, 'username': None, 'name': 'svchost.exe'}
{'pid': 988, 'username': 'DESKTOP-HD08MFE\\Gauri', 'name': 'taskhostw.exe'}
{'pid': 1004, 'username': None, 'name': 'fontdrvhost.exe'}
{'pid': 1012, 'username': None, 'name': 'fontdrvhost.exe'}
{'pid': 1020, 'username': 'DESKTOP-HD08MFE\\Gauri', 'name': 'chrome.exe'}
{'pid': 1084, 'username': None, 'name': 'dwm.exe'}
{'pid': 1184, 'username': None, 'name': 'svchost.exe'}
{'pid': 1200, 'username': 'DESKTOP-HD08MFE\\Gauri', 'name': 'chrome.exe'}
{'pid': 1244, 'username': 'DESKTOP-HD08MFE\\Gauri', 'name': 'fmapp.exe'}
{'pid': 1300, 'username': None, 'name': 'svchost.exe'}
{'pid': 1308, 'username': None, 'name': 'svchost.exe'}
{'pid': 1376, 'username': 'DESKTOP-HD08MFE\\Gauri', 'name': 'fsnotifier64.exe'}
{'pid': 1408, 'username': None, 'name': 'svchost.exe'}
{'pid': 1444, 'username': None, 'name': 'svchost.exe'}
{'pid': 1464, 'username': 'DESKTOP-HD08MFE\\Gauri', 'name': 'ctfmon.exe'}
{'pid': 1472, 'username': None, 'name': 'svchost.exe'}
{'pid': 1556, 'username': None, 'name': 'svchost.exe'}
{'pid': 1572, 'username': None, 'name': 'svchost.exe'}
{'pid': 1596, 'username': None, 'name': 'svchost.exe'}
{'pid': 1640, 'username': None, 'name': 'svchost.exe'}
{'pid': 1704, 'username': 'DESKTOP-HD08MFE\\Gauri', 'name': 'chrome.exe'}
{'pid': 1736, 'username': None, 'name': 'svchost.exe'}
{'pid': 1764, 'username': None, 'name': 'svchost.exe'}
{'pid': 1836, 'username': None, 'name': 'svchost.exe'}
{'pid': 1864, 'username': None, 'name': 'svchost.exe'}
{'pid': 1928, 'username': 'DESKTOP-HD08MFE\\Gauri', 'name': 'conhost.exe'}
{'pid': 1988, 'username': None, 'name': 'svchost.exe'}
{'pid': 2052, 'username': None, 'name': 'NPHOST.EXE'}
{'pid': 2088, 'username': 'DESKTOP-HD08MFE\\Gauri', 'name': 'winpty-agent.exe'}
{'pid': 2100, 'username': None, 'name': 'NVDisplay.Container.exe'}
{'pid': 2128, 'username': None, 'name': 'svchost.exe'}
{'pid': 2232, 'username': None, 'name': 'dasHost.exe'}
{'pid': 2248, 'username': None, 'name': 'PresentationFontCache.exe'}
{'pid': 2272, 'username': 'DESKTOP-HD08MFE\\Gauri', 'name': 'chrome.exe'}
{'pid': 2296, 'username': None, 'name': 'svchost.exe'}
{'pid': 2304, 'username': None, 'name': 'svchost.exe'}
{'pid': 2312, 'username': None, 'name': 'svchost.exe'}
{'pid': 2344, 'username': None, 'name': 'svchost.exe'}
{'pid': 2356, 'username': None, 'name': 'svchost.exe'}
{'pid': 2416, 'username': None, 'name': 'svchost.exe'}
{'pid': 2424, 'username': None, 'name': 'svchost.exe'}
{'pid': 2472, 'username': None, 'name': 'svchost.exe'}
{'pid': 2504, 'username': 'DESKTOP-HD08MFE\\Gauri', 'name': 'fsnotifier64.exe'}
{'pid': 2524, 'username': None, 'name': 'svchost.exe'}
{'pid': 2568, 'username': None, 'name': 'igfxCUIService.exe'}
{'pid': 2592, 'username': None, 'name': 'svchost.exe'}
{'pid': 2620, 'username': None, 'name': 'svchost.exe'}
{'pid': 2624, 'username': None, 'name': 'svchost.exe'}
{'pid': 2632, 'username': None, 'name': 'svchost.exe'}
{'pid': 2648, 'username': 'DESKTOP-HD08MFE\\Gauri', 'name': 'conhost.exe'}
{'pid': 2676, 'username': 'DESKTOP-HD08MFE\\Gauri', 'name': 'chrome.exe'}
{'pid': 2700, 'username': None, 'name': 'svchost.exe'}
{'pid': 2712, 'username': None, 'name': 'Memory Compression'}
{'pid': 2832, 'username': None, 'name': 'svchost.exe'}
{'pid': 2992, 'username': None, 'name': 'nvxdsync.exe'}
{'pid': 3104, 'username': 'DESKTOP-HD08MFE\\Gauri', 'name': 'chrome.exe'}
{'pid': 3128, 'username': None, 'name': 'svchost.exe'}
{'pid': 3136, 'username': None, 'name': 'svchost.exe'}
{'pid': 3144, 'username': None, 'name': 'svchost.exe'}
{'pid': 3204, 'username': 'DESKTOP-HD08MFE\\Gauri', 'name': 'ZVMOUNT.EXE'}
{'pid': 3212, 'username': None, 'name': 'svchost.exe'}
{'pid': 3220, 'username': None, 'name': 'svchost.exe'}
{'pid': 3228, 'username': 'DESKTOP-HD08MFE\\Gauri', 'name': 'chrome.exe'}
{'pid': 3364, 'username': None, 'name': 'svchost.exe'}
{'pid': 3488, 'username': None, 'name': 'svchost.exe'}
{'pid': 3496, 'username': None, 'name': 'svchost.exe'}
{'pid': 3504, 'username': None, 'name': 'svchost.exe'}
{'pid': 3512, 'username': None, 'name': 'svchost.exe'}
{'pid': 3520, 'username': 'DESKTOP-HD08MFE\\Gauri', 'name': 'chrome.exe'}
{'pid': 3536, 'username': 'DESKTOP-HD08MFE\\Gauri', 'name': 'SmartAudio.exe'}
{'pid': 3636, 'username': None, 'name': 'svchost.exe'}
{'pid': 3672, 'username': None, 'name': 'svchost.exe'}
{'pid': 3680, 'username': None, 'name': 'svchost.exe'}
{'pid': 3688, 'username': None, 'name': 'svchost.exe'}
{'pid': 3792, 'username': None, 'name': 'spoolsv.exe'}
{'pid': 3844, 'username': None, 'name': 'svchost.exe'}
{'pid': 3856, 'username': 'DESKTOP-HD08MFE\\Gauri', 'name': 'RuntimeBroker.exe'}
{'pid': 3864, 'username': None, 'name': 'svchost.exe'}
{'pid': 3872, 'username': None, 'name': 'svchost.exe'}
{'pid': 4040, 'username': None, 'name': 'svchost.exe'}
{'pid': 4100, 'username': None, 'name': 'svchost.exe'}
{'pid': 4108, 'username': None, 'name': 'svchost.exe'}
{'pid': 4196, 'username': 'DESKTOP-HD08MFE\\Gauri', 'name': 'RuntimeBroker.exe'}
{'pid': 4236, 'username': None, 'name': 'CxAudMsg64.exe'}
{'pid': 4244, 'username': None, 'name': 'svchost.exe'}
{'pid': 4264, 'username': None, 'name': 'CxUtilSvc.exe'}
{'pid': 4276, 'username': None, 'name': 'SASrv.exe'}
{'pid': 4284, 'username': None, 'name': 'AdminService.exe'}
{'pid': 4292, 'username': None, 'name': 'IntelCpHDCPSvc.exe'}
{'pid': 4300, 'username': None, 'name': 'SecurityHealthService.exe'}
{'pid': 4308, 'username': None, 'name': 'WEBPROT.EXE'}
{'pid': 4316, 'username': None, 'name': 'ETDService.exe'}
{'pid': 4356, 'username': None, 'name': 'NPProt.exe'}
{'pid': 4372, 'username': None, 'name': 'Ext2Srv.exe'}
{'pid': 4380, 'username': None, 'name': 'sqlwriter.exe'}
{'pid': 4388, 'username': None, 'name': 'IpOverUsbSvc.exe'}
{'pid': 4424, 'username': None, 'name': 'TeamViewer_Service.exe'}
{'pid': 4468, 'username': None, 'name': 'armsvc.exe'}
{'pid': 4520, 'username': 'DESKTOP-HD08MFE\\Gauri', 'name': 'ETDCtrl.exe'}
{'pid': 4556, 'username': None, 'name': 'AGMService.exe'}
{'pid': 4588, 'username': None, 'name': 'svchost.exe'}
{'pid': 4628, 'username': None, 'name': 'svchost.exe'}
{'pid': 4684, 'username': 'DESKTOP-HD08MFE\\Gauri', 'name': 'chrome.exe'}
{'pid': 4732, 'username': None, 'name': 'AGSService.exe'}
{'pid': 4764, 'username': None, 'name': 'svchost.exe'}
{'pid': 4860, 'username': 'DESKTOP-HD08MFE\\Gauri', 'name': 'chrome.exe'}
{'pid': 5032, 'username': None, 'name': 'IntelCpHeciSvc.exe'}
{'pid': 5164, 'username': None, 'name': 'conhost.exe'}
{'pid': 5380, 'username': 'DESKTOP-HD08MFE\\Gauri', 'name': 'chrome.exe'}
{'pid': 5540, 'username': 'DESKTOP-HD08MFE\\Gauri', 'name': 'CAudioFilterAgent64.exe'}
{'pid': 5592, 'username': 'DESKTOP-HD08MFE\\Gauri', 'name': 'RuntimeBroker.exe'}
{'pid': 5616, 'username': 'DESKTOP-HD08MFE\\Gauri', 'name': 'chrome.exe'}
{'pid': 5632, 'username': None, 'name': 'unsecapp.exe'}
{'pid': 5768, 'username': 'DESKTOP-HD08MFE\\Gauri', 'name': 'sihost.exe'}
{'pid': 5872, 'username': 'DESKTOP-HD08MFE\\Gauri', 'name': 'chrome.exe'}
{'pid': 6168, 'username': 'DESKTOP-HD08MFE\\Gauri', 'name': 'DolbyDAX2TrayIcon.exe'}
{'pid': 6428, 'username': 'DESKTOP-HD08MFE\\Gauri', 'name': 'chrome.exe'}
{'pid': 6452, 'username': None, 'name': 'svchost.exe'}
{'pid': 6476, 'username': 'DESKTOP-HD08MFE\\Gauri', 'name': 'svchost.exe'}
{'pid': 6488, 'username': None, 'name': 'svchost.exe'}
{'pid': 6504, 'username': 'DESKTOP-HD08MFE\\Gauri', 'name': 'MSASCuiL.exe'}
{'pid': 6652, 'username': 'DESKTOP-HD08MFE\\Gauri', 'name': 'svchost.exe'}
{'pid': 6696, 'username': 'DESKTOP-HD08MFE\\Gauri', 'name': 'Creative Cloud.exe'}
{'pid': 6708, 'username': 'DESKTOP-HD08MFE\\Gauri', 'name': 'SearchUI.exe'}
{'pid': 6720, 'username': 'DESKTOP-HD08MFE\\Gauri', 'name': 'ShellExperienceHost.exe'}
{'pid': 6772, 'username': 'DESKTOP-HD08MFE\\Gauri', 'name': 'conhost.exe'}
{'pid': 7004, 'username': None, 'name': 'SearchIndexer.exe'}
{'pid': 7064, 'username': None, 'name': 'DolbyDAX2API.exe'}
{'pid': 7272, 'username': 'DESKTOP-HD08MFE\\Gauri', 'name': 'Explorer.exe'}
{'pid': 7316, 'username': 'DESKTOP-HD08MFE\\Gauri', 'name': 'WSHelper.exe'}
{'pid': 7352, 'username': 'DESKTOP-HD08MFE\\Gauri', 'name': 'ETDCtrlHelper.exe'}
{'pid': 7360, 'username': 'DESKTOP-HD08MFE\\Gauri', 'name': 'chrome.exe'}
{'pid': 7364, 'username': None, 'name': 'svchost.exe'}
{'pid': 7376, 'username': None, 'name': 'APCONSVC.EXE'}
{'pid': 7500, 'username': None, 'name': 'svchost.exe'}
{'pid': 7544, 'username': 'DESKTOP-HD08MFE\\Gauri', 'name': 'OneDrive.exe'}
{'pid': 7564, 'username': None, 'name': 'EMON.EXE'}
{'pid': 7608, 'username': 'DESKTOP-HD08MFE\\Gauri', 'name': 'ETDIntelligent.exe'}
{'pid': 7748, 'username': 'DESKTOP-HD08MFE\\Gauri', 'name': 'figma_agent.exe'}
{'pid': 7848, 'username': None, 'name': 'svchost.exe'}
{'pid': 7956, 'username': 'DESKTOP-HD08MFE\\Gauri', 'name': 'rundll32.exe'}
{'pid': 7996, 'username': 'DESKTOP-HD08MFE\\Gauri', 'name': 'chrome.exe'}
{'pid': 8000, 'username': 'DESKTOP-HD08MFE\\Gauri', 'name': 'cmd.exe'}
{'pid': 8124, 'username': None, 'name': 'svchost.exe'}
{'pid': 8184, 'username': 'DESKTOP-HD08MFE\\Gauri', 'name': 'igfxEM.exe'}
{'pid': 8360, 'username': 'DESKTOP-HD08MFE\\Gauri', 'name': 'chrome.exe'}
{'pid': 8372, 'username': 'DESKTOP-HD08MFE\\Gauri', 'name': 'conhost.exe'}
{'pid': 8376, 'username': 'DESKTOP-HD08MFE\\Gauri', 'name': 'DolbyDAX2Toast.exe'}
{'pid': 8440, 'username': 'DESKTOP-HD08MFE\\Gauri', 'name': 'chrome.exe'}
{'pid': 8456, 'username': 'DESKTOP-HD08MFE\\Gauri', 'name': 'studio64.exe'}
{'pid': 8484, 'username': 'DESKTOP-HD08MFE\\Gauri', 'name': 'SkypeBackgroundHost.exe'}
{'pid': 8524, 'username': 'DESKTOP-HD08MFE\\Gauri', 'name': 'RuntimeBroker.exe'}
{'pid': 8548, 'username': None, 'name': 'NPAVIDS.EXE'}
{'pid': 8552, 'username': 'DESKTOP-HD08MFE\\Gauri', 'name': 'chrome.exe'}
{'pid': 8688, 'username': 'DESKTOP-HD08MFE\\Gauri', 'name': 'chrome.exe'}
{'pid': 8696, 'username': 'DESKTOP-HD08MFE\\Gauri', 'name': 'chrome.exe'}
{'pid': 8700, 'username': 'DESKTOP-HD08MFE\\Gauri', 'name': 'chrome.exe'}
{'pid': 8748, 'username': 'DESKTOP-HD08MFE\\Gauri', 'name': 'chrome.exe'}
{'pid': 8788, 'username': 'DESKTOP-HD08MFE\\Gauri', 'name': 'CoreSync.exe'}
{'pid': 8816, 'username': 'DESKTOP-HD08MFE\\Gauri', 'name': 'AdobeIPCBroker.exe'}
{'pid': 8948, 'username': 'DESKTOP-HD08MFE\\Gauri', 'name': 'ApplicationFrameHost.exe'}
{'pid': 8992, 'username': 'DESKTOP-HD08MFE\\Gauri', 'name': 'CCXProcess.exe'}
{'pid': 9060, 'username': 'DESKTOP-HD08MFE\\Gauri', 'name': 'chrome.exe'}
{'pid': 9080, 'username': 'DESKTOP-HD08MFE\\Gauri', 'name': 'pycharm64.exe'}
{'pid': 9348, 'username': 'DESKTOP-HD08MFE\\Gauri', 'name': 'chrome.exe'}
{'pid': 9368, 'username': 'DESKTOP-HD08MFE\\Gauri', 'name': 'cmd.exe'}
{'pid': 9424, 'username': None, 'name': 'ZVMonNt.exe'}
{'pid': 9428, 'username': 'DESKTOP-HD08MFE\\Gauri', 'name': 'chrome.exe'}
{'pid': 9624, 'username': 'DESKTOP-HD08MFE\\Gauri', 'name': 'chrome.exe'}
{'pid': 9696, 'username': 'DESKTOP-HD08MFE\\Gauri', 'name': 'node.exe'}
{'pid': 9716, 'username': 'DESKTOP-HD08MFE\\Gauri', 'name': 'chrome.exe'}
{'pid': 9736, 'username': 'DESKTOP-HD08MFE\\Gauri', 'name': 'chrome.exe'}
{'pid': 9740, 'username': 'DESKTOP-HD08MFE\\Gauri', 'name': 'chrome.exe'}
{'pid': 9800, 'username': 'DESKTOP-HD08MFE\\Gauri', 'name': 'FEDIT.EXE'}
{'pid': 9856, 'username': 'DESKTOP-HD08MFE\\Gauri', 'name': 'conhost.exe'}
{'pid': 9884, 'username': 'DESKTOP-HD08MFE\\Gauri', 'name': 'chrome.exe'}
{'pid': 9992, 'username': 'DESKTOP-HD08MFE\\Gauri', 'name': 'python.exe'}
{'pid': 10028, 'username': 'DESKTOP-HD08MFE\\Gauri', 'name': 'conhost.exe'}
{'pid': 10140, 'username': None, 'name': 'sppsvc.exe'}
{'pid': 10148, 'username': 'DESKTOP-HD08MFE\\Gauri', 'name': 'chrome.exe'}
{'pid': 10348, 'username': 'DESKTOP-HD08MFE\\Gauri', 'name': 'cmd.exe'}
{'pid': 10368, 'username': 'DESKTOP-HD08MFE\\Gauri', 'name': 'chrome.exe'}
{'pid': 10652, 'username': 'DESKTOP-HD08MFE\\Gauri', 'name': 'svchost.exe'}
{'pid': 11036, 'username': None, 'name': 'svchost.exe'}
{'pid': 11100, 'username': None, 'name': 'ZVCMD64.EXE'}
{'pid': 11208, 'username': 'DESKTOP-HD08MFE\\Gauri', 'name': 'chrome.exe'}
{'pid': 11312, 'username': 'DESKTOP-HD08MFE\\Gauri', 'name': 'chrome.exe'}
{'pid': 11512, 'username': 'DESKTOP-HD08MFE\\Gauri', 'name': 'Adobe CEF Helper.exe'}
{'pid': 11520, 'username': 'DESKTOP-HD08MFE\\Gauri', 'name': 'Adobe CEF Helper.exe'}
{'pid': 11532, 'username': 'DESKTOP-HD08MFE\\Gauri', 'name': 'conhost.exe'}
{'pid': 11592, 'username': 'DESKTOP-HD08MFE\\Gauri', 'name': 'chrome.exe'}
{'pid': 11724, 'username': 'DESKTOP-HD08MFE\\Gauri', 'name': 'chrome.exe'}
{'pid': 11772, 'username': 'DESKTOP-HD08MFE\\Gauri', 'name': 'chrome.exe'}
{'pid': 11972, 'username': 'DESKTOP-HD08MFE\\Gauri', 'name': 'chrome.exe'}
{'pid': 12028, 'username': 'DESKTOP-HD08MFE\\Gauri', 'name': 'chrome.exe'}
{'pid': 12060, 'username': 'DESKTOP-HD08MFE\\Gauri', 'name': 'chrome.exe'}
{'pid': 12068, 'username': None, 'name': 'SppExtComObj.Exe'}
{'pid': 12224, 'username': None, 'name': 'NPDMAL.EXE'}
{'pid': 12244, 'username': 'DESKTOP-HD08MFE\\Gauri', 'name': 'chrome.exe'}
{'pid': 12268, 'username': 'DESKTOP-HD08MFE\\Gauri', 'name': 'chrome.exe'}
{'pid': 12440, 'username': None, 'name': 'svchost.exe'}
{'pid': 12536, 'username': 'DESKTOP-HD08MFE\\Gauri', 'name': 'chrome.exe'}
{'pid': 12616, 'username': 'DESKTOP-HD08MFE\\Gauri', 'name': 'dllhost.exe'}
{'pid': 12660, 'username': 'DESKTOP-HD08MFE\\Gauri', 'name': 'winpty-agent.exe'}
{'pid': 12664, 'username': 'DESKTOP-HD08MFE\\Gauri', 'name': 'conhost.exe'}
{'pid': 12676, 'username': None, 'name': 'conhost.exe'}
{'pid': 12824, 'username': 'DESKTOP-HD08MFE\\Gauri', 'name': 'rundll32.exe'}
{'pid': 12832, 'username': 'DESKTOP-HD08MFE\\Gauri', 'name': 'cmd.exe'}
{'pid': 12848, 'username': 'DESKTOP-HD08MFE\\Gauri', 'name': 'LockApp.exe'}
{'pid': 12984, 'username': 'DESKTOP-HD08MFE\\Gauri', 'name': 'chrome.exe'}
{'pid': 13056, 'username': None, 'name': 'WmiPrvSE.exe'}
{'pid': 13608, 'username': 'DESKTOP-HD08MFE\\Gauri', 'name': 'adb.exe'}
{'pid': 13708, 'username': 'DESKTOP-HD08MFE\\Gauri', 'name': 'RuntimeBroker.exe'}
{'pid': 13956, 'username': 'DESKTOP-HD08MFE\\Gauri', 'name': 'notepad.exe'}
{'pid': 13992, 'username': 'DESKTOP-HD08MFE\\Gauri', 'name': 'winpty-agent.exe'}
{'pid': 14024, 'username': 'DESKTOP-HD08MFE\\Gauri', 'name': 'NPAV4.EXE'}
{'pid': 14184, 'username': 'DESKTOP-HD08MFE\\Gauri', 'name': 'smartscreen.exe'}
