{'pid': 0, 'name': 'System Idle Process', 'username': 'NT AUTHORITY\\SYSTEM'}
{'pid': 4, 'name': 'System', 'username': 'NT AUTHORITY\\SYSTEM'}
{'pid': 192, 'name': 'chrome.exe', 'username': 'DESKTOP-HD08MFE\\Gauri'}
{'pid': 368, 'name': 'smss.exe', 'username': None}
{'pid': 480, 'name': 'WUDFHost.exe', 'username': None}
{'pid': 552, 'name': 'csrss.exe', 'username': None}
{'pid': 556, 'name': 'svchost.exe', 'username': None}
{'pid': 664, 'name': 'csrss.exe', 'username': None}
{'pid': 688, 'name': 'wininit.exe', 'username': None}
{'pid': 732, 'name': 'svchost.exe', 'username': None}
{'pid': 772, 'name': 'winlogon.exe', 'username': None}
{'pid': 812, 'name': 'svchost.exe', 'username': None}
{'pid': 816, 'name': 'services.exe', 'username': None}
{'pid': 832, 'name': 'lsass.exe', 'username': None}
{'pid': 944, 'name': 'HxTsr.exe', 'username': 'DESKTOP-HD08MFE\\Gauri'}
{'pid': 948, 'name': 'svchost.exe', 'username': None}
{'pid': 980, 'name': 'svchost.exe', 'username': None}
{'pid': 988, 'name': 'taskhostw.exe', 'username': 'DESKTOP-HD08MFE\\Gauri'}
{'pid': 1004, 'name': 'fontdrvhost.exe', 'username': None}
{'pid': 1012, 'name': 'fontdrvhost.exe', 'username': None}
{'pid': 1020, 'name': 'chrome.exe', 'username': 'DESKTOP-HD08MFE\\Gauri'}
{'pid': 1084, 'name': 'dwm.exe', 'username': None}
{'pid': 1184, 'name': 'svchost.exe', 'username': None}
{'pid': 1200, 'name': 'chrome.exe', 'username': 'DESKTOP-HD08MFE\\Gauri'}
{'pid': 1244, 'name': 'fmapp.exe', 'username': 'DESKTOP-HD08MFE\\Gauri'}
{'pid': 1300, 'name': 'svchost.exe', 'username': None}
{'pid': 1308, 'name': 'svchost.exe', 'username': None}
{'pid': 1376, 'name': 'fsnotifier64.exe', 'username': 'DESKTOP-HD08MFE\\Gauri'}
{'pid': 1408, 'name': 'svchost.exe', 'username': None}
{'pid': 1444, 'name': 'svchost.exe', 'username': None}
{'pid': 1464, 'name': 'ctfmon.exe', 'username': 'DESKTOP-HD08MFE\\Gauri'}
{'pid': 1472, 'name': 'svchost.exe', 'username': None}
{'pid': 1556, 'name': 'svchost.exe', 'username': None}
{'pid': 1572, 'name': 'svchost.exe', 'username': None}
{'pid': 1596, 'name': 'svchost.exe', 'username': None}
{'pid': 1640, 'name': 'svchost.exe', 'username': None}
{'pid': 1704, 'name': 'chrome.exe', 'username': 'DESKTOP-HD08MFE\\Gauri'}
{'pid': 1736, 'name': 'svchost.exe', 'username': None}
{'pid': 1764, 'name': 'svchost.exe', 'username': None}
{'pid': 1836, 'name': 'svchost.exe', 'username': None}
{'pid': 1864, 'name': 'svchost.exe', 'username': None}
{'pid': 1988, 'name': 'svchost.exe', 'username': None}
{'pid': 2052, 'name': 'NPHOST.EXE', 'username': None}
{'pid': 2100, 'name': 'NVDisplay.Container.exe', 'username': None}
{'pid': 2128, 'name': 'svchost.exe', 'username': None}
{'pid': 2232, 'name': 'dasHost.exe', 'username': None}
{'pid': 2248, 'name': 'PresentationFontCache.exe', 'username': None}
{'pid': 2272, 'name': 'chrome.exe', 'username': 'DESKTOP-HD08MFE\\Gauri'}
{'pid': 2296, 'name': 'svchost.exe', 'username': None}
{'pid': 2304, 'name': 'svchost.exe', 'username': None}
{'pid': 2312, 'name': 'svchost.exe', 'username': None}
{'pid': 2344, 'name': 'svchost.exe', 'username': None}
{'pid': 2356, 'name': 'svchost.exe', 'username': None}
{'pid': 2416, 'name': 'svchost.exe', 'username': None}
{'pid': 2424, 'name': 'svchost.exe', 'username': None}
{'pid': 2472, 'name': 'svchost.exe', 'username': None}
{'pid': 2504, 'name': 'fsnotifier64.exe', 'username': 'DESKTOP-HD08MFE\\Gauri'}
{'pid': 2524, 'name': 'svchost.exe', 'username': None}
{'pid': 2568, 'name': 'igfxCUIService.exe', 'username': None}
{'pid': 2592, 'name': 'svchost.exe', 'username': None}
{'pid': 2620, 'name': 'svchost.exe', 'username': None}
{'pid': 2624, 'name': 'svchost.exe', 'username': None}
{'pid': 2632, 'name': 'svchost.exe', 'username': None}
{'pid': 2648, 'name': 'conhost.exe', 'username': 'DESKTOP-HD08MFE\\Gauri'}
{'pid': 2676, 'name': 'chrome.exe', 'username': 'DESKTOP-HD08MFE\\Gauri'}
{'pid': 2700, 'name': 'svchost.exe', 'username': None}
{'pid': 2712, 'name': 'Memory Compression', 'username': None}
{'pid': 2832, 'name': 'svchost.exe', 'username': None}
{'pid': 2992, 'name': 'nvxdsync.exe', 'username': None}
{'pid': 3104, 'name': 'chrome.exe', 'username': 'DESKTOP-HD08MFE\\Gauri'}
{'pid': 3128, 'name': 'svchost.exe', 'username': None}
{'pid': 3136, 'name': 'svchost.exe', 'username': None}
{'pid': 3144, 'name': 'svchost.exe', 'username': None}
{'pid': 3204, 'name': 'ZVMOUNT.EXE', 'username': 'DESKTOP-HD08MFE\\Gauri'}
{'pid': 3212, 'name': 'svchost.exe', 'username': None}
{'pid': 3220, 'name': 'svchost.exe', 'username': None}
{'pid': 3228, 'name': 'chrome.exe', 'username': 'DESKTOP-HD08MFE\\Gauri'}
{'pid': 3364, 'name': 'svchost.exe', 'username': None}
{'pid': 3488, 'name': 'svchost.exe', 'username': None}
{'pid': 3496, 'name': 'svchost.exe', 'username': None}
{'pid': 3504, 'name': 'svchost.exe', 'username': None}
{'pid': 3512, 'name': 'svchost.exe', 'username': None}
{'pid': 3520, 'name': 'chrome.exe', 'username': 'DESKTOP-HD08MFE\\Gauri'}
{'pid': 3536, 'name': 'SmartAudio.exe', 'username': 'DESKTOP-HD08MFE\\Gauri'}
{'pid': 3636, 'name': 'svchost.exe', 'username': None}
{'pid': 3672, 'name': 'svchost.exe', 'username': None}
{'pid': 3680, 'name': 'svchost.exe', 'username': None}
{'pid': 3688, 'name': 'svchost.exe', 'username': None}
{'pid': 3792, 'name': 'spoolsv.exe', 'username': None}
{'pid': 3844, 'name': 'svchost.exe', 'username': None}
{'pid': 3856, 'name': 'RuntimeBroker.exe', 'username': 'DESKTOP-HD08MFE\\Gauri'}
{'pid': 3864, 'name': 'svchost.exe', 'username': None}
{'pid': 3872, 'name': 'svchost.exe', 'username': None}
{'pid': 4040, 'name': 'svchost.exe', 'username': None}
{'pid': 4056, 'name': 'WmiPrvSE.exe', 'username': None}
{'pid': 4100, 'name': 'svchost.exe', 'username': None}
{'pid': 4108, 'name': 'svchost.exe', 'username': None}
{'pid': 4192, 'name': 'NPAV4.EXE', 'username': 'DESKTOP-HD08MFE\\Gauri'}
{'pid': 4196, 'name': 'RuntimeBroker.exe', 'username': 'DESKTOP-HD08MFE\\Gauri'}
{'pid': 4236, 'name': 'CxAudMsg64.exe', 'username': None}
{'pid': 4244, 'name': 'svchost.exe', 'username': None}
{'pid': 4264, 'name': 'CxUtilSvc.exe', 'username': None}
{'pid': 4276, 'name': 'SASrv.exe', 'username': None}
{'pid': 4284, 'name': 'AdminService.exe', 'username': None}
{'pid': 4292, 'name': 'IntelCpHDCPSvc.exe', 'username': None}
{'pid': 4300, 'name': 'SecurityHealthService.exe', 'username': None}
{'pid': 4308, 'name': 'WEBPROT.EXE', 'username': None}
{'pid': 4316, 'name': 'ETDService.exe', 'username': None}
{'pid': 4356, 'name': 'NPProt.exe', 'username': None}
{'pid': 4372, 'name': 'Ext2Srv.exe', 'username': None}
{'pid': 4380, 'name': 'sqlwriter.exe', 'username': None}
{'pid': 4388, 'name': 'IpOverUsbSvc.exe', 'username': None}
{'pid': 4424, 'name': 'TeamViewer_Service.exe', 'username': None}
{'pid': 4468, 'name': 'armsvc.exe', 'username': None}
{'pid': 4520, 'name': 'ETDCtrl.exe', 'username': 'DESKTOP-HD08MFE\\Gauri'}
{'pid': 4556, 'name': 'AGMService.exe', 'username': None}
{'pid': 4588, 'name': 'svchost.exe', 'username': None}
{'pid': 4628, 'name': 'svchost.exe', 'username': None}
{'pid': 4684, 'name': 'chrome.exe', 'username': 'DESKTOP-HD08MFE\\Gauri'}
{'pid': 4732, 'name': 'AGSService.exe', 'username': None}
{'pid': 4764, 'name': 'svchost.exe', 'username': None}
{'pid': 4860, 'name': 'chrome.exe', 'username': 'DESKTOP-HD08MFE\\Gauri'}
{'pid': 5032, 'name': 'IntelCpHeciSvc.exe', 'username': None}
{'pid': 5164, 'name': 'conhost.exe', 'username': None}
{'pid': 5380, 'name': 'chrome.exe', 'username': 'DESKTOP-HD08MFE\\Gauri'}
{'pid': 5540, 'name': 'CAudioFilterAgent64.exe', 'username': 'DESKTOP-HD08MFE\\Gauri'}
{'pid': 5592, 'name': 'RuntimeBroker.exe', 'username': 'DESKTOP-HD08MFE\\Gauri'}
{'pid': 5616, 'name': 'chrome.exe', 'username': 'DESKTOP-HD08MFE\\Gauri'}
{'pid': 5632, 'name': 'unsecapp.exe', 'username': None}
{'pid': 5768, 'name': 'sihost.exe', 'username': 'DESKTOP-HD08MFE\\Gauri'}
{'pid': 5872, 'name': 'chrome.exe', 'username': 'DESKTOP-HD08MFE\\Gauri'}
{'pid': 6168, 'name': 'DolbyDAX2TrayIcon.exe', 'username': 'DESKTOP-HD08MFE\\Gauri'}
{'pid': 6428, 'name': 'chrome.exe', 'username': 'DESKTOP-HD08MFE\\Gauri'}
{'pid': 6452, 'name': 'svchost.exe', 'username': None}
{'pid': 6476, 'name': 'svchost.exe', 'username': 'DESKTOP-HD08MFE\\Gauri'}
{'pid': 6488, 'name': 'svchost.exe', 'username': None}
{'pid': 6504, 'name': 'MSASCuiL.exe', 'username': 'DESKTOP-HD08MFE\\Gauri'}
{'pid': 6652, 'name': 'svchost.exe', 'username': 'DESKTOP-HD08MFE\\Gauri'}
{'pid': 6696, 'name': 'Creative Cloud.exe', 'username': 'DESKTOP-HD08MFE\\Gauri'}
{'pid': 6708, 'name': 'SearchUI.exe', 'username': 'DESKTOP-HD08MFE\\Gauri'}
{'pid': 6720, 'name': 'ShellExperienceHost.exe', 'username': 'DESKTOP-HD08MFE\\Gauri'}
{'pid': 6772, 'name': 'conhost.exe', 'username': 'DESKTOP-HD08MFE\\Gauri'}
{'pid': 7004, 'name': 'SearchIndexer.exe', 'username': None}
{'pid': 7064, 'name': 'DolbyDAX2API.exe', 'username': None}
{'pid': 7204, 'name': 'RuntimeBroker.exe', 'username': 'DESKTOP-HD08MFE\\Gauri'}
{'pid': 7252, 'name': 'RdrCEF.exe', 'username': 'DESKTOP-HD08MFE\\Gauri'}
{'pid': 7272, 'name': 'Explorer.exe', 'username': 'DESKTOP-HD08MFE\\Gauri'}
{'pid': 7316, 'name': 'WSHelper.exe', 'username': 'DESKTOP-HD08MFE\\Gauri'}
{'pid': 7352, 'name': 'ETDCtrlHelper.exe', 'username': 'DESKTOP-HD08MFE\\Gauri'}
{'pid': 7360, 'name': 'chrome.exe', 'username': 'DESKTOP-HD08MFE\\Gauri'}
{'pid': 7364, 'name': 'svchost.exe', 'username': None}
{'pid': 7376, 'name': 'APCONSVC.EXE', 'username': None}
{'pid': 7500, 'name': 'svchost.exe', 'username': None}
{'pid': 7544, 'name': 'OneDrive.exe', 'username': 'DESKTOP-HD08MFE\\Gauri'}
{'pid': 7564, 'name': 'EMON.EXE', 'username': None}
{'pid': 7608, 'name': 'ETDIntelligent.exe', 'username': 'DESKTOP-HD08MFE\\Gauri'}
{'pid': 7748, 'name': 'figma_agent.exe', 'username': 'DESKTOP-HD08MFE\\Gauri'}
{'pid': 7780, 'name': 'AcroRd32.exe', 'username': 'DESKTOP-HD08MFE\\Gauri'}
{'pid': 7956, 'name': 'rundll32.exe', 'username': 'DESKTOP-HD08MFE\\Gauri'}
{'pid': 7996, 'name': 'chrome.exe', 'username': 'DESKTOP-HD08MFE\\Gauri'}
{'pid': 8000, 'name': 'cmd.exe', 'username': 'DESKTOP-HD08MFE\\Gauri'}
{'pid': 8184, 'name': 'igfxEM.exe', 'username': 'DESKTOP-HD08MFE\\Gauri'}
{'pid': 8360, 'name': 'chrome.exe', 'username': 'DESKTOP-HD08MFE\\Gauri'}
{'pid': 8376, 'name': 'DolbyDAX2Toast.exe', 'username': 'DESKTOP-HD08MFE\\Gauri'}
{'pid': 8440, 'name': 'chrome.exe', 'username': 'DESKTOP-HD08MFE\\Gauri'}
{'pid': 8456, 'name': 'studio64.exe', 'username': 'DESKTOP-HD08MFE\\Gauri'}
{'pid': 8484, 'name': 'SkypeBackgroundHost.exe', 'username': 'DESKTOP-HD08MFE\\Gauri'}
{'pid': 8524, 'name': 'RuntimeBroker.exe', 'username': 'DESKTOP-HD08MFE\\Gauri'}
{'pid': 8548, 'name': 'NPAVIDS.EXE', 'username': None}
{'pid': 8552, 'name': 'chrome.exe', 'username': 'DESKTOP-HD08MFE\\Gauri'}
{'pid': 8688, 'name': 'chrome.exe', 'username': 'DESKTOP-HD08MFE\\Gauri'}
{'pid': 8696, 'name': 'chrome.exe', 'username': 'DESKTOP-HD08MFE\\Gauri'}
{'pid': 8700, 'name': 'chrome.exe', 'username': 'DESKTOP-HD08MFE\\Gauri'}
{'pid': 8748, 'name': 'chrome.exe', 'username': 'DESKTOP-HD08MFE\\Gauri'}
{'pid': 8788, 'name': 'CoreSync.exe', 'username': 'DESKTOP-HD08MFE\\Gauri'}
{'pid': 8816, 'name': 'AdobeIPCBroker.exe', 'username': 'DESKTOP-HD08MFE\\Gauri'}
{'pid': 8948, 'name': 'ApplicationFrameHost.exe', 'username': 'DESKTOP-HD08MFE\\Gauri'}
{'pid': 8992, 'name': 'CCXProcess.exe', 'username': 'DESKTOP-HD08MFE\\Gauri'}
{'pid': 9060, 'name': 'chrome.exe', 'username': 'DESKTOP-HD08MFE\\Gauri'}
{'pid': 9080, 'name': 'pycharm64.exe', 'username': 'DESKTOP-HD08MFE\\Gauri'}
{'pid': 9348, 'name': 'chrome.exe', 'username': 'DESKTOP-HD08MFE\\Gauri'}
{'pid': 9424, 'name': 'ZVMonNt.exe', 'username': None}
{'pid': 9428, 'name': 'chrome.exe', 'username': 'DESKTOP-HD08MFE\\Gauri'}
{'pid': 9624, 'name': 'chrome.exe', 'username': 'DESKTOP-HD08MFE\\Gauri'}
{'pid': 9696, 'name': 'node.exe', 'username': 'DESKTOP-HD08MFE\\Gauri'}
{'pid': 9716, 'name': 'chrome.exe', 'username': 'DESKTOP-HD08MFE\\Gauri'}
{'pid': 9736, 'name': 'chrome.exe', 'username': 'DESKTOP-HD08MFE\\Gauri'}
{'pid': 9740, 'name': 'chrome.exe', 'username': 'DESKTOP-HD08MFE\\Gauri'}
{'pid': 9772, 'name': 'notepad.exe', 'username': 'DESKTOP-HD08MFE\\Gauri'}
{'pid': 9800, 'name': 'FEDIT.EXE', 'username': 'DESKTOP-HD08MFE\\Gauri'}
{'pid': 9856, 'name': 'conhost.exe', 'username': 'DESKTOP-HD08MFE\\Gauri'}
{'pid': 9884, 'name': 'chrome.exe', 'username': 'DESKTOP-HD08MFE\\Gauri'}
{'pid': 10028, 'name': 'conhost.exe', 'username': 'DESKTOP-HD08MFE\\Gauri'}
{'pid': 10148, 'name': 'chrome.exe', 'username': 'DESKTOP-HD08MFE\\Gauri'}
{'pid': 10188, 'name': 'SystemSettingsBroker.exe', 'username': 'DESKTOP-HD08MFE\\Gauri'}
{'pid': 10368, 'name': 'chrome.exe', 'username': 'DESKTOP-HD08MFE\\Gauri'}
{'pid': 10652, 'name': 'svchost.exe', 'username': 'DESKTOP-HD08MFE\\Gauri'}
{'pid': 11036, 'name': 'svchost.exe', 'username': None}
{'pid': 11100, 'name': 'ZVCMD64.EXE', 'username': None}
{'pid': 11164, 'name': 'cmd.exe', 'username': 'DESKTOP-HD08MFE\\Gauri'}
{'pid': 11208, 'name': 'chrome.exe', 'username': 'DESKTOP-HD08MFE\\Gauri'}
{'pid': 11312, 'name': 'chrome.exe', 'username': 'DESKTOP-HD08MFE\\Gauri'}
{'pid': 11512, 'name': 'Adobe CEF Helper.exe', 'username': 'DESKTOP-HD08MFE\\Gauri'}
{'pid': 11520, 'name': 'Adobe CEF Helper.exe', 'username': 'DESKTOP-HD08MFE\\Gauri'}
{'pid': 11532, 'name': 'conhost.exe', 'username': 'DESKTOP-HD08MFE\\Gauri'}
{'pid': 11592, 'name': 'chrome.exe', 'username': 'DESKTOP-HD08MFE\\Gauri'}
{'pid': 11724, 'name': 'chrome.exe', 'username': 'DESKTOP-HD08MFE\\Gauri'}
{'pid': 11772, 'name': 'chrome.exe', 'username': 'DESKTOP-HD08MFE\\Gauri'}
{'pid': 11972, 'name': 'chrome.exe', 'username': 'DESKTOP-HD08MFE\\Gauri'}
{'pid': 12028, 'name': 'chrome.exe', 'username': 'DESKTOP-HD08MFE\\Gauri'}
{'pid': 12060, 'name': 'chrome.exe', 'username': 'DESKTOP-HD08MFE\\Gauri'}
{'pid': 12244, 'name': 'chrome.exe', 'username': 'DESKTOP-HD08MFE\\Gauri'}
{'pid': 12268, 'name': 'chrome.exe', 'username': 'DESKTOP-HD08MFE\\Gauri'}
{'pid': 12440, 'name': 'svchost.exe', 'username': None}
{'pid': 12536, 'name': 'chrome.exe', 'username': 'DESKTOP-HD08MFE\\Gauri'}
{'pid': 12616, 'name': 'dllhost.exe', 'username': 'DESKTOP-HD08MFE\\Gauri'}
{'pid': 12660, 'name': 'winpty-agent.exe', 'username': 'DESKTOP-HD08MFE\\Gauri'}
{'pid': 12664, 'name': 'conhost.exe', 'username': 'DESKTOP-HD08MFE\\Gauri'}
{'pid': 12676, 'name': 'conhost.exe', 'username': None}
{'pid': 12824, 'name': 'rundll32.exe', 'username': 'DESKTOP-HD08MFE\\Gauri'}
{'pid': 12832, 'name': 'cmd.exe', 'username': 'DESKTOP-HD08MFE\\Gauri'}
{'pid': 12848, 'name': 'LockApp.exe', 'username': 'DESKTOP-HD08MFE\\Gauri'}
{'pid': 12984, 'name': 'chrome.exe', 'username': 'DESKTOP-HD08MFE\\Gauri'}
{'pid': 13208, 'name': 'RdrCEF.exe', 'username': 'DESKTOP-HD08MFE\\Gauri'}
{'pid': 13332, 'name': 'RuntimeBroker.exe', 'username': 'DESKTOP-HD08MFE\\Gauri'}
{'pid': 13484, 'name': 'HxAccounts.exe', 'username': 'DESKTOP-HD08MFE\\Gauri'}
{'pid': 13608, 'name': 'adb.exe', 'username': 'DESKTOP-HD08MFE\\Gauri'}
{'pid': 13720, 'name': 'conhost.exe', 'username': 'DESKTOP-HD08MFE\\Gauri'}
{'pid': 13828, 'name': 'notepad.exe', 'username': 'DESKTOP-HD08MFE\\Gauri'}
{'pid': 13956, 'name': 'notepad.exe', 'username': 'DESKTOP-HD08MFE\\Gauri'}
{'pid': 13992, 'name': 'winpty-agent.exe', 'username': 'DESKTOP-HD08MFE\\Gauri'}
{'pid': 14068, 'name': 'AcroRd32.exe', 'username': 'DESKTOP-HD08MFE\\Gauri'}
{'pid': 14216, 'name': 'svchost.exe', 'username': None}
{'pid': 14228, 'name': 'notepad.exe', 'username': 'DESKTOP-HD08MFE\\Gauri'}
{'pid': 14272, 'name': 'FASTSCN.EXE', 'username': 'DESKTOP-HD08MFE\\Gauri'}
{'pid': 14488, 'name': 'RdrCEF.exe', 'username': 'DESKTOP-HD08MFE\\Gauri'}
{'pid': 14812, 'name': 'winpty-agent.exe', 'username': 'DESKTOP-HD08MFE\\Gauri'}
{'pid': 14856, 'name': 'winpty-agent.exe', 'username': 'DESKTOP-HD08MFE\\Gauri'}
{'pid': 14988, 'name': 'svchost.exe', 'username': None}
{'pid': 15016, 'name': 'cmd.exe', 'username': 'DESKTOP-HD08MFE\\Gauri'}
{'pid': 15092, 'name': 'conhost.exe', 'username': 'DESKTOP-HD08MFE\\Gauri'}
{'pid': 15344, 'name': 'AdobeARM.exe', 'username': 'DESKTOP-HD08MFE\\Gauri'}
{'pid': 19144, 'name': 'EMAILSCN.EXE', 'username': 'DESKTOP-HD08MFE\\Gauri'}
{'pid': 19428, 'name': 'RuntimeBroker.exe', 'username': 'DESKTOP-HD08MFE\\Gauri'}
{'pid': 19744, 'name': 'backgroundTaskHost.exe', 'username': 'DESKTOP-HD08MFE\\Gauri'}
{'pid': 20036, 'name': 'svchost.exe', 'username': None}
{'pid': 21348, 'name': 'OCTACORE.EXE', 'username': None}
{'pid': 21372, 'name': 'conhost.exe', 'username': None}
{'pid': 21456, 'name': 'python.exe', 'username': 'DESKTOP-HD08MFE\\Gauri'}
